<?xml version="1.0" encoding="UTF-8"?>
<coverage generated="1759488730639" clover="3.2.0">
  <project timestamp="1759488730641" name="All files">
    <metrics statements="30" coveredstatements="30" conditionals="32" coveredconditionals="32" methods="6" coveredmethods="6" elements="68" coveredelements="68" complexity="0" loc="30" ncloc="30" packages="1" files="1" classes="1"/>
    <file name="calculator.js" path="/home/senya/WebstormProjects/TVS-2025-summer-IKBO-50-23-TROYAN/ПР2/calculator/src/calculator.js">
      <metrics statements="30" coveredstatements="30" conditionals="32" coveredconditionals="32" methods="6" coveredmethods="6"/>
      <line num="3" count="15" type="cond" truecount="4" falsecount="0"/>
      <line num="4" count="12" type="stmt"/>
      <line num="7" count="3" type="stmt"/>
      <line num="11" count="3" type="cond" truecount="4" falsecount="0"/>
      <line num="12" count="1" type="stmt"/>
      <line num="14" count="2" type="stmt"/>
      <line num="18" count="3" type="cond" truecount="4" falsecount="0"/>
      <line num="19" count="1" type="stmt"/>
      <line num="21" count="2" type="stmt"/>
      <line num="25" count="4" type="cond" truecount="4" falsecount="0"/>
      <line num="26" count="1" type="stmt"/>
      <line num="28" count="3" type="cond" truecount="2" falsecount="0"/>
      <line num="29" count="1" type="stmt"/>
      <line num="31" count="2" type="stmt"/>
      <line num="35" count="4" type="cond" truecount="4" falsecount="0"/>
      <line num="36" count="1" type="stmt"/>
      <line num="38" count="3" type="stmt"/>
      <line num="42" count="7" type="cond" truecount="2" falsecount="0"/>
      <line num="43" count="2" type="stmt"/>
      <line num="45" count="5" type="cond" truecount="2" falsecount="0"/>
      <line num="46" count="1" type="stmt"/>
      <line num="48" count="4" type="cond" truecount="2" falsecount="0"/>
      <line num="49" count="1" type="stmt"/>
      <line num="52" count="3" type="cond" truecount="4" falsecount="0"/>
      <line num="53" count="2" type="stmt"/>
      <line num="56" count="1" type="stmt"/>
      <line num="57" count="1" type="stmt"/>
      <line num="58" count="4" type="stmt"/>
      <line num="60" count="1" type="stmt"/>
      <line num="64" count="1" type="stmt"/>
    </file>
  </project>
</coverage>
