{"/home/senya/WebstormProjects/TVS-2025-summer-IKBO-50-23-TROYAN/ПР2/calculator/src/calculator.js": {"path":"/home/senya/WebstormProjects/TVS-2025-summer-IKBO-50-23-TROYAN/ПР2/calculator/src/calculator.js","statementMap":{"0":{"start":{"line":3,"column":8},"end":{"line":5,"column":9}},"1":{"start":{"line":4,"column":12},"end":{"line":4,"column":65}},"2":{"start":{"line":7,"column":8},"end":{"line":7,"column":21}},"3":{"start":{"line":11,"column":8},"end":{"line":13,"column":9}},"4":{"start":{"line":12,"column":12},"end":{"line":12,"column":65}},"5":{"start":{"line":14,"column":8},"end":{"line":14,"column":21}},"6":{"start":{"line":18,"column":8},"end":{"line":20,"column":9}},"7":{"start":{"line":19,"column":12},"end":{"line":19,"column":65}},"8":{"start":{"line":21,"column":8},"end":{"line":21,"column":21}},"9":{"start":{"line":25,"column":8},"end":{"line":27,"column":9}},"10":{"start":{"line":26,"column":12},"end":{"line":26,"column":65}},"11":{"start":{"line":28,"column":8},"end":{"line":30,"column":9}},"12":{"start":{"line":29,"column":12},"end":{"line":29,"column":58}},"13":{"start":{"line":31,"column":8},"end":{"line":31,"column":21}},"14":{"start":{"line":35,"column":8},"end":{"line":37,"column":9}},"15":{"start":{"line":36,"column":12},"end":{"line":36,"column":65}},"16":{"start":{"line":38,"column":8},"end":{"line":38,"column":40}},"17":{"start":{"line":42,"column":8},"end":{"line":44,"column":9}},"18":{"start":{"line":43,"column":12},"end":{"line":43,"column":59}},"19":{"start":{"line":45,"column":8},"end":{"line":47,"column":9}},"20":{"start":{"line":46,"column":12},"end":{"line":46,"column":84}},"21":{"start":{"line":48,"column":8},"end":{"line":50,"column":9}},"22":{"start":{"line":49,"column":12},"end":{"line":49,"column":74}},"23":{"start":{"line":52,"column":8},"end":{"line":54,"column":9}},"24":{"start":{"line":53,"column":12},"end":{"line":53,"column":21}},"25":{"start":{"line":56,"column":21},"end":{"line":56,"column":22}},"26":{"start":{"line":57,"column":8},"end":{"line":59,"column":9}},"27":{"start":{"line":57,"column":21},"end":{"line":57,"column":22}},"28":{"start":{"line":58,"column":12},"end":{"line":58,"column":24}},"29":{"start":{"line":60,"column":8},"end":{"line":60,"column":22}},"30":{"start":{"line":64,"column":0},"end":{"line":64,"column":28}}},"fnMap":{"0":{"name":"(anonymous_0)","decl":{"start":{"line":2,"column":4},"end":{"line":2,"column":5}},"loc":{"start":{"line":2,"column":14},"end":{"line":8,"column":5}},"line":2},"1":{"name":"(anonymous_1)","decl":{"start":{"line":10,"column":4},"end":{"line":10,"column":5}},"loc":{"start":{"line":10,"column":19},"end":{"line":15,"column":5}},"line":10},"2":{"name":"(anonymous_2)","decl":{"start":{"line":17,"column":4},"end":{"line":17,"column":5}},"loc":{"start":{"line":17,"column":19},"end":{"line":22,"column":5}},"line":17},"3":{"name":"(anonymous_3)","decl":{"start":{"line":24,"column":4},"end":{"line":24,"column":5}},"loc":{"start":{"line":24,"column":17},"end":{"line":32,"column":5}},"line":24},"4":{"name":"(anonymous_4)","decl":{"start":{"line":34,"column":4},"end":{"line":34,"column":5}},"loc":{"start":{"line":34,"column":26},"end":{"line":39,"column":5}},"line":34},"5":{"name":"(anonymous_5)","decl":{"start":{"line":41,"column":4},"end":{"line":41,"column":5}},"loc":{"start":{"line":41,"column":17},"end":{"line":61,"column":5}},"line":41}},"branchMap":{"0":{"loc":{"start":{"line":3,"column":8},"end":{"line":5,"column":9}},"type":"if","locations":[{"start":{"line":3,"column":8},"end":{"line":5,"column":9}},{"start":{},"end":{}}],"line":3},"1":{"loc":{"start":{"line":3,"column":12},"end":{"line":3,"column":58}},"type":"binary-expr","locations":[{"start":{"line":3,"column":12},"end":{"line":3,"column":33}},{"start":{"line":3,"column":37},"end":{"line":3,"column":58}}],"line":3},"2":{"loc":{"start":{"line":11,"column":8},"end":{"line":13,"column":9}},"type":"if","locations":[{"start":{"line":11,"column":8},"end":{"line":13,"column":9}},{"start":{},"end":{}}],"line":11},"3":{"loc":{"start":{"line":11,"column":12},"end":{"line":11,"column":58}},"type":"binary-expr","locations":[{"start":{"line":11,"column":12},"end":{"line":11,"column":33}},{"start":{"line":11,"column":37},"end":{"line":11,"column":58}}],"line":11},"4":{"loc":{"start":{"line":18,"column":8},"end":{"line":20,"column":9}},"type":"if","locations":[{"start":{"line":18,"column":8},"end":{"line":20,"column":9}},{"start":{},"end":{}}],"line":18},"5":{"loc":{"start":{"line":18,"column":12},"end":{"line":18,"column":58}},"type":"binary-expr","locations":[{"start":{"line":18,"column":12},"end":{"line":18,"column":33}},{"start":{"line":18,"column":37},"end":{"line":18,"column":58}}],"line":18},"6":{"loc":{"start":{"line":25,"column":8},"end":{"line":27,"column":9}},"type":"if","locations":[{"start":{"line":25,"column":8},"end":{"line":27,"column":9}},{"start":{},"end":{}}],"line":25},"7":{"loc":{"start":{"line":25,"column":12},"end":{"line":25,"column":58}},"type":"binary-expr","locations":[{"start":{"line":25,"column":12},"end":{"line":25,"column":33}},{"start":{"line":25,"column":37},"end":{"line":25,"column":58}}],"line":25},"8":{"loc":{"start":{"line":28,"column":8},"end":{"line":30,"column":9}},"type":"if","locations":[{"start":{"line":28,"column":8},"end":{"line":30,"column":9}},{"start":{},"end":{}}],"line":28},"9":{"loc":{"start":{"line":35,"column":8},"end":{"line":37,"column":9}},"type":"if","locations":[{"start":{"line":35,"column":8},"end":{"line":37,"column":9}},{"start":{},"end":{}}],"line":35},"10":{"loc":{"start":{"line":35,"column":12},"end":{"line":35,"column":68}},"type":"binary-expr","locations":[{"start":{"line":35,"column":12},"end":{"line":35,"column":36}},{"start":{"line":35,"column":40},"end":{"line":35,"column":68}}],"line":35},"11":{"loc":{"start":{"line":42,"column":8},"end":{"line":44,"column":9}},"type":"if","locations":[{"start":{"line":42,"column":8},"end":{"line":44,"column":9}},{"start":{},"end":{}}],"line":42},"12":{"loc":{"start":{"line":45,"column":8},"end":{"line":47,"column":9}},"type":"if","locations":[{"start":{"line":45,"column":8},"end":{"line":47,"column":9}},{"start":{},"end":{}}],"line":45},"13":{"loc":{"start":{"line":48,"column":8},"end":{"line":50,"column":9}},"type":"if","locations":[{"start":{"line":48,"column":8},"end":{"line":50,"column":9}},{"start":{},"end":{}}],"line":48},"14":{"loc":{"start":{"line":52,"column":8},"end":{"line":54,"column":9}},"type":"if","locations":[{"start":{"line":52,"column":8},"end":{"line":54,"column":9}},{"start":{},"end":{}}],"line":52},"15":{"loc":{"start":{"line":52,"column":12},"end":{"line":52,"column":30}},"type":"binary-expr","locations":[{"start":{"line":52,"column":12},"end":{"line":52,"column":19}},{"start":{"line":52,"column":23},"end":{"line":52,"column":30}}],"line":52}},"s":{"0":15,"1":12,"2":3,"3":3,"4":1,"5":2,"6":3,"7":1,"8":2,"9":4,"10":1,"11":3,"12":1,"13":2,"14":4,"15":1,"16":3,"17":7,"18":2,"19":5,"20":1,"21":4,"22":1,"23":3,"24":2,"25":1,"26":1,"27":1,"28":4,"29":1,"30":1},"f":{"0":15,"1":3,"2":3,"3":4,"4":4,"5":7},"b":{"0":[12,3],"1":[15,8],"2":[1,2],"3":[3,2],"4":[1,2],"5":[3,2],"6":[1,3],"7":[4,3],"8":[1,2],"9":[1,3],"10":[4,3],"11":[2,5],"12":[1,4],"13":[1,3],"14":[2,1],"15":[3,2]},"_coverageSchema":"1a1c01bbd47fc00a2c39e90264f33305004495a9","hash":"59346a771a70e52ec1dfca2c616a609870989ac5"}
}
