TN:
SF:src/calculator.js
FN:2,(anonymous_0)
FN:10,(anonymous_1)
FN:17,(anonymous_2)
FN:24,(anonymous_3)
FN:34,(anonymous_4)
FN:41,(anonymous_5)
FNF:6
FNH:6
FNDA:15,(anonymous_0)
FNDA:3,(anonymous_1)
FNDA:3,(anonymous_2)
FNDA:4,(anonymous_3)
FNDA:4,(anonymous_4)
FNDA:7,(anonymous_5)
DA:3,15
DA:4,12
DA:7,3
DA:11,3
DA:12,1
DA:14,2
DA:18,3
DA:19,1
DA:21,2
DA:25,4
DA:26,1
DA:28,3
DA:29,1
DA:31,2
DA:35,4
DA:36,1
DA:38,3
DA:42,7
DA:43,2
DA:45,5
DA:46,1
DA:48,4
DA:49,1
DA:52,3
DA:53,2
DA:56,1
DA:57,1
DA:58,4
DA:60,1
DA:64,1
LF:30
LH:30
BRDA:3,0,0,12
BRDA:3,0,1,3
BRDA:3,1,0,15
BRDA:3,1,1,8
BRDA:11,2,0,1
BRDA:11,2,1,2
BRDA:11,3,0,3
BRDA:11,3,1,2
BRDA:18,4,0,1
BRDA:18,4,1,2
BRDA:18,5,0,3
BRDA:18,5,1,2
BRDA:25,6,0,1
BRDA:25,6,1,3
BRDA:25,7,0,4
BRDA:25,7,1,3
BRDA:28,8,0,1
BRDA:28,8,1,2
BRDA:35,9,0,1
BRDA:35,9,1,3
BRDA:35,10,0,4
BRDA:35,10,1,3
BRDA:42,11,0,2
BRDA:42,11,1,5
BRDA:45,12,0,1
BRDA:45,12,1,4
BRDA:48,13,0,1
BRDA:48,13,1,3
BRDA:52,14,0,2
BRDA:52,14,1,1
BRDA:52,15,0,3
BRDA:52,15,1,2
BRF:32
BRH:32
end_of_record
